2025-12-19 14:34:50,224 - INFO - Yuklendi: cogs.stats
2025-12-19 14:34:50,225 - INFO - Yuklendi: cogs.oyun
2025-12-19 14:34:50,225 - ERROR - Hata olustu cogs.yonetim: Extension 'cogs.yonetim' could not be loaded or found.
2025-12-19 14:34:50,226 - INFO - Yuklendi: cogs.ekonomi
2025-12-19 14:34:50,240 - ERROR - Hata olustu cogs.sosyal: Extension 'cogs.sosyal' raised an error: CommandRegistrationError: The command rep is already an existing command or alias.
2025-12-19 14:34:50,240 - CRITICAL - HATA: Token bulunamadi! .env dosyasini kontrol et.
2025-12-19 15:59:35,740 - INFO - Yuklendi: cogs.stats
2025-12-19 15:59:35,742 - INFO - Yuklendi: cogs.oyun
2025-12-19 15:59:35,742 - ERROR - Hata olustu cogs.yonetim: Extension 'cogs.yonetim' could not be loaded or found.
2025-12-19 15:59:35,745 - INFO - Yuklendi: cogs.ekonomi
2025-12-19 15:59:35,762 - ERROR - Hata olustu cogs.sosyal: Extension 'cogs.sosyal' raised an error: CommandRegistrationError: The command rep is already an existing command or alias.
2025-12-19 15:59:35,762 - CRITICAL - HATA: Token bulunamadi! .env dosyasini kontrol et.
2025-12-19 16:00:13,691 - INFO - Yuklendi: cogs.stats
2025-12-19 16:00:13,692 - INFO - Yuklendi: cogs.oyun
2025-12-19 16:00:13,697 - INFO - Yuklendi: cogs.yonetim
2025-12-19 16:00:13,698 - INFO - Yuklendi: cogs.ekonomi
2025-12-19 16:00:13,713 - ERROR - Hata olustu cogs.sosyal: Extension 'cogs.sosyal' raised an error: CommandRegistrationError: The command rep is already an existing command or alias.
2025-12-19 16:00:13,714 - CRITICAL - HATA: Token bulunamadi! .env dosyasini kontrol et.
2025-12-19 16:02:06,930 - INFO - Yuklendi: cogs.stats
2025-12-19 16:02:06,931 - INFO - Yuklendi: cogs.oyun
2025-12-19 16:02:06,932 - INFO - Yuklendi: cogs.yonetim
2025-12-19 16:02:06,933 - INFO - Yuklendi: cogs.ekonomi
2025-12-19 16:02:06,946 - INFO - Yuklendi: cogs.sosyal
2025-12-19 16:02:06,946 - CRITICAL - HATA: Token bulunamadi! .env dosyasini kontrol et.
2025-12-19 18:45:06,255 - INFO - Yuklendi: cogs.stats
2025-12-19 18:45:06,256 - INFO - Yuklendi: cogs.oyun
2025-12-19 18:45:06,258 - INFO - Yuklendi: cogs.yonetim
2025-12-19 18:45:06,259 - ERROR - Hata olustu cogs.ekonomi: Extension 'cogs.ekonomi' raised an error: CommandRegistrationError: The command daily is already an existing command or alias.
2025-12-19 18:45:06,306 - INFO - Yuklendi: cogs.sosyal
2025-12-19 18:45:06,306 - CRITICAL - HATA: Token bulunamadi! .env dosyasini kontrol et.
